
> kumu-coaching@0.0.1 start:dev
> nest start --watch

[2J[3J[H[[90m1:19:24 AM[0m] Starting compilation in watch mode...

[[90m1:19:29 AM[0m] Found 0 errors. Watching for file changes.

(node:68566) [DEP0190] DeprecationWarning: Passing args to a child process with shell option true can lead to security vulnerabilities, as the arguments are not escaped, only concatenated.
(Use `node --trace-deprecation ...` to show where the warning was created)
[Nest] 68628  - 09/19/2025, 1:19:31 AM     LOG [NestFactory] Starting Nest application...
[Nest] 68628  - 09/19/2025, 1:19:31 AM     LOG [InstanceLoader] TypeOrmModule dependencies initialized +10ms
[Nest] 68628  - 09/19/2025, 1:19:31 AM     LOG [InstanceLoader] PassportModule dependencies initialized +0ms
[Nest] 68628  - 09/19/2025, 1:19:31 AM     LOG [InstanceLoader] ConfigHostModule dependencies initialized +0ms
[Nest] 68628  - 09/19/2025, 1:19:31 AM     LOG [InstanceLoader] ThrottlerModule dependencies initialized +1ms
[Nest] 68628  - 09/19/2025, 1:19:31 AM     LOG [InstanceLoader] AppModule dependencies initialized +4ms
[Nest] 68628  - 09/19/2025, 1:19:31 AM     LOG [InstanceLoader] ProductsModule dependencies initialized +0ms
[Nest] 68628  - 09/19/2025, 1:19:31 AM     LOG [InstanceLoader] ConfigModule dependencies initialized +0ms
[Nest] 68628  - 09/19/2025, 1:19:31 AM     LOG [InstanceLoader] ConfigModule dependencies initialized +0ms
[Nest] 68628  - 09/19/2025, 1:19:31 AM     LOG [InstanceLoader] EmailModule dependencies initialized +22ms
[Nest] 68628  - 09/19/2025, 1:19:31 AM     LOG [InstanceLoader] JwtModule dependencies initialized +0ms
[Nest] 68628  - 09/19/2025, 1:19:35 AM     LOG [InstanceLoader] TypeOrmCoreModule dependencies initialized +4168ms
[Nest] 68628  - 09/19/2025, 1:19:35 AM     LOG [InstanceLoader] TypeOrmModule dependencies initialized +5ms
[Nest] 68628  - 09/19/2025, 1:19:35 AM     LOG [InstanceLoader] TypeOrmModule dependencies initialized +1ms
[Nest] 68628  - 09/19/2025, 1:19:35 AM     LOG [InstanceLoader] TypeOrmModule dependencies initialized +0ms
[Nest] 68628  - 09/19/2025, 1:19:35 AM     LOG [InstanceLoader] TypeOrmModule dependencies initialized +5ms
[Nest] 68628  - 09/19/2025, 1:19:35 AM     LOG [InstanceLoader] UsersModule dependencies initialized +180ms
[Nest] 68628  - 09/19/2025, 1:19:35 AM     LOG [InstanceLoader] SubscriptionsModule dependencies initialized +44ms
[Nest] 68628  - 09/19/2025, 1:19:35 AM     LOG [InstanceLoader] AuthModule dependencies initialized +0ms
[Nest] 68628  - 09/19/2025, 1:19:35 AM     LOG [InstanceLoader] StripeModule dependencies initialized +0ms
[Nest] 68628  - 09/19/2025, 1:19:35 AM     LOG [RoutesResolver] AppController {/}: +409ms
[Nest] 68628  - 09/19/2025, 1:19:35 AM     LOG [RouterExplorer] Mapped {/, GET} route +23ms
[Nest] 68628  - 09/19/2025, 1:19:35 AM     LOG [RoutesResolver] AuthController {/auth}: +2ms
[Nest] 68628  - 09/19/2025, 1:19:35 AM     LOG [RouterExplorer] Mapped {/auth/signup, POST} route +2ms
[Nest] 68628  - 09/19/2025, 1:19:35 AM     LOG [RouterExplorer] Mapped {/auth/login, POST} route +0ms
[Nest] 68628  - 09/19/2025, 1:19:35 AM     LOG [RouterExplorer] Mapped {/auth/forgot-password, POST} route +0ms
[Nest] 68628  - 09/19/2025, 1:19:35 AM     LOG [RouterExplorer] Mapped {/auth/reset-password, POST} route +1ms
[Nest] 68628  - 09/19/2025, 1:19:35 AM     LOG [RouterExplorer] Mapped {/auth/change-password, POST} route +1ms
[Nest] 68628  - 09/19/2025, 1:19:35 AM     LOG [RouterExplorer] Mapped {/auth/profile, GET} route +0ms
[Nest] 68628  - 09/19/2025, 1:19:35 AM     LOG [RoutesResolver] UsersController {/users}: +0ms
[Nest] 68628  - 09/19/2025, 1:19:35 AM     LOG [RouterExplorer] Mapped {/users/profile, GET} route +0ms
[Nest] 68628  - 09/19/2025, 1:19:35 AM     LOG [RouterExplorer] Mapped {/users/profile, PUT} route +0ms
[Nest] 68628  - 09/19/2025, 1:19:35 AM     LOG [RoutesResolver] ProductsController {/products}: +0ms
[Nest] 68628  - 09/19/2025, 1:19:35 AM     LOG [RouterExplorer] Mapped {/products, GET} route +1ms
[Nest] 68628  - 09/19/2025, 1:19:35 AM     LOG [RoutesResolver] StripeController {/stripe}: +0ms
[Nest] 68628  - 09/19/2025, 1:19:35 AM     LOG [RouterExplorer] Mapped {/stripe/create-checkout-session, POST} route +0ms
[Nest] 68628  - 09/19/2025, 1:19:35 AM     LOG [RouterExplorer] Mapped {/stripe/success, GET} route +0ms
[Nest] 68628  - 09/19/2025, 1:19:35 AM     LOG [RouterExplorer] Mapped {/stripe/webhook, POST} route +0ms
[Nest] 68628  - 09/19/2025, 1:19:35 AM     LOG [RoutesResolver] SubscriptionsController {/subscriptions}: +0ms
[Nest] 68628  - 09/19/2025, 1:19:35 AM     LOG [RouterExplorer] Mapped {/subscriptions, GET} route +1ms
[Nest] 68628  - 09/19/2025, 1:19:35 AM     LOG [RouterExplorer] Mapped {/subscriptions/status, GET} route +0ms
[Nest] 68628  - 09/19/2025, 1:19:35 AM     LOG [RouterExplorer] Mapped {/subscriptions/:id/cancel, POST} route +0ms
[Nest] 68628  - 09/19/2025, 1:19:35 AM     LOG [NestApplication] Nest application successfully started +18ms
[Nest] 68628  - 09/19/2025, 1:19:35 AM   ERROR [NestApplication] Error: listen EADDRINUSE: address already in use :::3000 +2ms
node:net:1940
    const ex = new UVExceptionWithHostPort(err, 'listen', address, port);
               ^

Error: listen EADDRINUSE: address already in use :::3000
    at Server.setupListenHandle [as _listen2] (node:net:1940:16)
    at listenInCluster (node:net:1997:12)
    at Server.listen (node:net:2102:7)
    at ExpressAdapter.listen (/Users/cybillnerd/Desktop/kumu/kumu-coaching/node_modules/@nestjs/platform-express/adapters/express-adapter.js:127:32)
    at /Users/cybillnerd/Desktop/kumu/kumu-coaching/node_modules/@nestjs/core/nest-application.js:188:30
    at new Promise (<anonymous>)
    at NestApplication.listen (/Users/cybillnerd/Desktop/kumu/kumu-coaching/node_modules/@nestjs/core/nest-application.js:178:16)
    at process.processTicksAndRejections (node:internal/process/task_queues:105:5)
    at async bootstrap (/Users/cybillnerd/Desktop/kumu/kumu-coaching/src/main.ts:72:3) {
  code: 'EADDRINUSE',
  errno: -48,
  syscall: 'listen',
  address: '::',
  port: 3000
}

Node.js v24.5.0
